  Proyecto_animacion.cpp
C:\Users\ULISES\Desktop\Proyecto_animacion_3\CGP7\Proyecto_lab\prac2\Proyecto_animacion.cpp(332,24): warning C4244: 'inicializando': conversión de 'double' a 'GLfloat'; posible pérdida de datos
C:\Users\ULISES\Desktop\Proyecto_animacion_3\CGP7\Proyecto_lab\prac2\Proyecto_animacion.cpp(648,15): warning C4305: '+=': truncamiento de 'double' a 'float'
C:\Users\ULISES\Desktop\Proyecto_animacion_3\CGP7\Proyecto_lab\prac2\Proyecto_animacion.cpp(655,15): warning C4305: '-=': truncamiento de 'double' a 'float'
C:\Users\ULISES\Desktop\Proyecto_animacion_3\CGP7\Proyecto_lab\prac2\Proyecto_animacion.cpp(661,15): warning C4305: '+=': truncamiento de 'double' a 'float'
C:\Users\ULISES\Desktop\Proyecto_animacion_3\CGP7\Proyecto_lab\prac2\Proyecto_animacion.cpp(667,15): warning C4305: '-=': truncamiento de 'double' a 'float'
C:\Users\ULISES\Desktop\Proyecto_animacion_3\CGP7\Proyecto_lab\prac2\Proyecto_animacion.cpp(889,21): warning C4305: '-=': truncamiento de 'double' a 'float'
C:\Users\ULISES\Desktop\Proyecto_animacion_3\CGP7\Proyecto_lab\prac2\Proyecto_animacion.cpp(928,17): warning C4244: '=': conversión de 'double' a 'float'; posible pérdida de datos
C:\Users\ULISES\Desktop\Proyecto_animacion_3\CGP7\Proyecto_lab\prac2\Proyecto_animacion.cpp(978,11): warning C4244: '=': conversión de 'double' a 'GLfloat'; posible pérdida de datos
C:\Users\ULISES\Desktop\Proyecto_animacion_3\CGP7\Proyecto_lab\prac2\Proyecto_animacion.cpp(979,11): warning C4244: '=': conversión de 'double' a 'GLfloat'; posible pérdida de datos
C:\Users\ULISES\Desktop\Proyecto_animacion_3\CGP7\Proyecto_lab\prac2\Proyecto_animacion.cpp(983,18): warning C4244: 'inicializando': conversión de 'double' a 'GLfloat'; posible pérdida de datos
C:\Users\ULISES\Desktop\Proyecto_animacion_3\CGP7\Proyecto_lab\prac2\Proyecto_animacion.cpp(984,18): warning C4244: 'inicializando': conversión de 'double' a 'GLfloat'; posible pérdida de datos
C:\Users\ULISES\Desktop\Proyecto_animacion_3\CGP7\Proyecto_lab\prac2\Proyecto_animacion.cpp(986,10): warning C4244: '=': conversión de 'double' a 'GLfloat'; posible pérdida de datos
C:\Users\ULISES\Desktop\Proyecto_animacion_3\CGP7\Proyecto_lab\prac2\Proyecto_animacion.cpp(987,10): warning C4244: '=': conversión de 'double' a 'GLfloat'; posible pérdida de datos
soil2-debug.lib(SOIL2.obj) : warning LNK4075: se omite '/EDITANDCONTINUE' debido a la especificación '/OPT:ICF'
LINK : warning LNK4098: la biblioteca predeterminada'MSVCRTD' entra en conflicto con otras bibliotecas; use la biblioteca /NODEFAULTLIB:biblioteca
  Generando código
  Previous IPDB not found, fall back to full compilation.
  All 596 functions were compiled because no usable IPDB/IOBJ from previous compilation was found.
  Generación de código finalizada
soil2-debug.lib(etc1_utils.obj) : warning LNK4099: no se encontró PDB 'soil2-debug.pdb' con 'soil2-debug.lib(etc1_utils.obj)' o en 'C:\Users\ULISES\Desktop\Proyecto_animacion_3\CGP7\Proyecto_lab\Release\soil2-debug.pdb'; se vinculará el objeto sin tener en cuenta información de depuración
soil2-debug.lib(image_DXT.obj) : warning LNK4099: no se encontró PDB 'soil2-debug.pdb' con 'soil2-debug.lib(image_DXT.obj)' o en 'C:\Users\ULISES\Desktop\Proyecto_animacion_3\CGP7\Proyecto_lab\Release\soil2-debug.pdb'; se vinculará el objeto sin tener en cuenta información de depuración
soil2-debug.lib(image_helper.obj) : warning LNK4099: no se encontró PDB 'soil2-debug.pdb' con 'soil2-debug.lib(image_helper.obj)' o en 'C:\Users\ULISES\Desktop\Proyecto_animacion_3\CGP7\Proyecto_lab\Release\soil2-debug.pdb'; se vinculará el objeto sin tener en cuenta información de depuración
soil2-debug.lib(SOIL2.obj) : warning LNK4099: no se encontró PDB 'soil2-debug.pdb' con 'soil2-debug.lib(SOIL2.obj)' o en 'C:\Users\ULISES\Desktop\Proyecto_animacion_3\CGP7\Proyecto_lab\Release\soil2-debug.pdb'; se vinculará el objeto sin tener en cuenta información de depuración
  prac2.vcxproj -> C:\Users\ULISES\Desktop\Proyecto_animacion_3\CGP7\Proyecto_lab\Release\prac2.exe
